<?xml version="1.0" encoding="UTF-8"?>
<testsuite name="MainKtTest" tests="5" skipped="0" failures="0" errors="0" timestamp="2021-10-28T13:37:46" hostname="DESKTOP-LK4G1QT" time="0.017">
  <properties/>
  <testcase name="calculationOfCommissionVisaMir_WhenThereIsACommission" classname="MainKtTest" time="0.005"/>
  <testcase name="calculationOfCommissionVisaMir_WhenTheObligatoryCommission" classname="MainKtTest" time="0.006"/>
  <testcase name="calculationOfCommission" classname="MainKtTest" time="0.004"/>
  <testcase name="calculationOfCommissionMaestroMasterCard_WhenThereIsNoCommission" classname="MainKtTest" time="0.001"/>
  <testcase name="calculationOfCommissionMaestroMasterCard_WhenThereIsACommission" classname="MainKtTest" time="0.0"/>
  <system-out><![CDATA[Минимальная комиссия составляет 3500 копеек
Минимальная комиссия составляет 3500 копеек
Минимальная комиссия составляет 3500 копеек
]]></system-out>
  <system-err><![CDATA[]]></system-err>
</testsuite>
